TN:
SF:src\App.tsx
FN:18,App
FNF:1
FNH:1
FNDA:60,App
DA:1,1
DA:2,1
DA:3,1
DA:4,1
DA:5,1
DA:6,1
DA:7,1
DA:8,1
DA:9,1
DA:10,1
DA:11,1
DA:12,1
DA:13,1
DA:14,1
DA:15,1
DA:16,1
DA:17,1
DA:18,60
DA:19,60
DA:20,60
DA:21,60
DA:22,60
DA:23,60
DA:24,60
DA:25,60
DA:26,60
DA:27,60
DA:28,60
DA:29,60
DA:30,60
DA:31,60
DA:32,60
DA:33,60
DA:34,60
DA:35,60
DA:36,60
DA:37,1
LF:37
LH:37
BRDA:18,0,0,60
BRF:1
BRH:1
end_of_record
TN:
SF:src\App\AppRoutes.tsx
FN:8,AppRouters
FNF:1
FNH:1
FNDA:60,AppRouters
DA:1,1
DA:2,1
DA:3,1
DA:4,1
DA:5,1
DA:6,1
DA:7,1
DA:8,60
DA:9,60
DA:10,60
DA:11,60
DA:12,60
DA:13,60
DA:14,60
DA:15,60
DA:16,60
DA:17,60
DA:18,60
DA:19,1
LF:19
LH:19
BRDA:8,0,0,60
BRF:1
BRH:1
end_of_record
TN:
SF:src\App\PrivateRoutes.tsx
FN:4,PrivateRoutes
FNF:1
FNH:1
FNDA:4,PrivateRoutes
DA:1,1
DA:2,1
DA:3,1
DA:4,1
DA:5,4
DA:6,4
DA:7,2
DA:8,2
DA:9,1
LF:9
LH:9
BRDA:4,0,0,4
BRDA:6,1,0,2
BRF:2
BRH:2
end_of_record
TN:
SF:src\mocks\server.ts
FNF:0
FNH:0
DA:1,1
DA:2,1
DA:3,1
DA:4,1
LF:4
LH:4
BRF:0
BRH:0
end_of_record
TN:
SF:src\pages\Homepage\HomePage.tsx
FN:6,HomePage
FNF:1
FNH:1
FNDA:2,HomePage
DA:1,1
DA:2,1
DA:3,1
DA:4,1
DA:5,1
DA:6,1
DA:7,2
DA:8,2
DA:9,2
DA:10,2
DA:11,2
DA:12,1
LF:12
LH:12
BRDA:6,0,0,2
BRF:1
BRH:1
end_of_record
TN:
SF:src\pages\User\Login.tsx
FN:14,Copyright
FN:32,Login
FN:42,handleShowPassword
FN:44,handleLogin
FN:101,onSubmit
FNF:5
FNH:5
FNDA:182,Copyright
FNDA:182,Login
FNDA:1,handleShowPassword
FNDA:5,handleLogin
FNDA:5,onSubmit
DA:1,1
DA:2,1
DA:3,1
DA:4,1
DA:5,1
DA:6,1
DA:7,1
DA:8,1
DA:9,1
DA:10,1
DA:11,1
DA:12,1
DA:13,1
DA:14,1
DA:15,182
DA:16,182
DA:17,182
DA:18,182
DA:19,182
DA:20,182
DA:21,182
DA:22,182
DA:23,182
DA:24,182
DA:25,182
DA:26,182
DA:27,182
DA:28,182
DA:29,182
DA:30,182
DA:31,1
DA:32,1
DA:33,182
DA:34,182
DA:35,182
DA:36,182
DA:37,182
DA:38,182
DA:39,182
DA:40,182
DA:41,182
DA:42,182
DA:43,182
DA:44,182
DA:45,5
DA:46,5
DA:47,4
DA:48,1
DA:49,1
DA:50,1
DA:51,1
DA:52,1
DA:53,1
DA:54,3
DA:55,3
DA:56,3
DA:57,3
DA:58,4
DA:59,5
DA:60,1
DA:61,1
DA:62,1
DA:63,1
DA:64,5
DA:65,5
DA:66,182
DA:67,182
DA:68,182
DA:69,182
DA:70,182
DA:71,182
DA:72,182
DA:73,182
DA:74,182
DA:75,182
DA:76,182
DA:77,182
DA:78,182
DA:79,182
DA:80,182
DA:81,182
DA:82,182
DA:83,182
DA:84,182
DA:85,20
DA:86,20
DA:87,20
DA:88,20
DA:89,20
DA:90,20
DA:91,20
DA:92,60
DA:93,20
DA:94,20
DA:95,18
DA:96,18
DA:97,2
DA:98,2
DA:99,182
DA:100,182
DA:101,182
DA:102,182
DA:103,182
DA:104,182
DA:105,182
DA:106,182
DA:107,182
DA:108,182
DA:109,182
DA:110,182
DA:111,182
DA:112,182
DA:113,182
DA:114,182
DA:115,182
DA:116,182
DA:117,182
DA:118,182
DA:119,182
DA:120,182
DA:121,182
DA:122,182
DA:123,182
DA:124,182
DA:125,182
DA:126,182
DA:127,182
DA:128,182
DA:129,182
DA:130,182
DA:131,182
DA:132,182
DA:133,182
DA:134,182
DA:135,182
DA:136,182
DA:137,182
DA:138,182
DA:139,182
DA:140,182
DA:141,182
DA:142,182
DA:143,182
DA:144,182
DA:145,182
DA:146,182
DA:147,182
DA:148,182
DA:149,182
DA:150,182
DA:151,182
DA:152,182
DA:153,182
DA:154,182
DA:155,182
DA:156,182
DA:157,182
DA:158,182
DA:159,182
DA:160,182
DA:161,182
DA:162,182
DA:163,182
DA:164,182
DA:165,182
DA:166,182
DA:167,182
DA:168,182
DA:169,182
DA:170,182
DA:171,182
DA:172,182
DA:173,182
DA:174,182
DA:175,182
DA:176,182
DA:177,182
DA:178,182
DA:179,182
DA:180,182
DA:181,182
DA:182,182
DA:183,182
DA:184,182
DA:185,182
DA:186,182
DA:187,182
DA:188,182
DA:189,182
DA:190,182
DA:191,182
DA:192,182
DA:193,182
DA:194,182
DA:195,182
DA:196,182
DA:197,182
DA:198,182
DA:199,182
DA:200,182
DA:201,182
DA:202,1
LF:202
LH:202
BRDA:14,0,0,182
BRDA:32,1,0,182
BRDA:139,2,0,58
BRDA:140,3,0,58
BRDA:160,4,0,2
BRDA:165,5,0,2
BRDA:165,6,0,180
BRDA:171,7,0,60
BRDA:172,8,0,60
BRDA:185,9,0,90
BRDA:185,10,0,58
BRDA:42,11,0,1
BRDA:44,12,0,5
BRDA:46,13,0,4
BRDA:47,14,0,1
BRDA:53,15,0,3
BRDA:59,16,0,1
BRDA:84,17,0,20
BRDA:94,18,0,18
BRDA:96,19,0,2
BRDA:91,20,0,60
BRDA:92,21,0,58
BRDA:92,22,0,2
BRDA:101,23,0,5
BRF:24
BRH:24
end_of_record
TN:
SF:src\pages\User\Register.tsx
FN:13,Copyright
FN:31,Register
FNF:2
FNH:0
FNDA:0,Copyright
FNDA:0,Register
DA:1,1
DA:2,1
DA:3,1
DA:4,1
DA:5,1
DA:6,1
DA:7,1
DA:8,1
DA:9,1
DA:10,1
DA:11,1
DA:12,1
DA:13,1
DA:14,0
DA:15,0
DA:16,0
DA:17,0
DA:18,0
DA:19,0
DA:20,0
DA:21,0
DA:22,0
DA:23,0
DA:24,0
DA:25,0
DA:26,0
DA:27,0
DA:28,0
DA:29,0
DA:30,1
DA:31,1
DA:32,0
DA:33,0
DA:34,0
DA:35,0
DA:36,0
DA:37,0
DA:38,0
DA:39,0
DA:40,0
DA:41,0
DA:42,0
DA:43,0
DA:44,0
DA:45,0
DA:46,0
DA:47,0
DA:48,0
DA:49,0
DA:50,0
DA:51,0
DA:52,0
DA:53,0
DA:54,0
DA:55,0
DA:56,0
DA:57,0
DA:58,0
DA:59,0
DA:60,0
DA:61,0
DA:62,0
DA:63,0
DA:64,0
DA:65,0
DA:66,0
DA:67,0
DA:68,0
DA:69,0
DA:70,0
DA:71,0
DA:72,0
DA:73,0
DA:74,0
DA:75,0
DA:76,0
DA:77,0
DA:78,0
DA:79,0
DA:80,0
DA:81,0
DA:82,0
DA:83,0
DA:84,0
DA:85,0
DA:86,0
DA:87,0
DA:88,0
DA:89,0
DA:90,0
DA:91,0
DA:92,0
DA:93,0
DA:94,0
DA:95,0
DA:96,0
DA:97,0
DA:98,0
DA:99,0
DA:100,0
DA:101,0
DA:102,0
DA:103,0
DA:104,0
DA:105,0
DA:106,0
DA:107,0
DA:108,0
DA:109,0
DA:110,0
DA:111,0
DA:112,0
DA:113,0
DA:114,0
DA:115,0
DA:116,0
DA:117,0
DA:118,0
DA:119,0
DA:120,0
DA:121,0
DA:122,0
DA:123,0
DA:124,0
DA:125,0
DA:126,0
DA:127,0
DA:128,0
DA:129,0
DA:130,0
DA:131,0
DA:132,0
DA:133,0
DA:134,0
DA:135,0
DA:136,0
DA:137,0
DA:138,0
DA:139,0
DA:140,0
DA:141,0
DA:142,0
DA:143,0
DA:144,0
DA:145,0
DA:146,0
DA:147,0
DA:148,0
DA:149,0
DA:150,0
DA:151,0
DA:152,0
DA:153,0
DA:154,0
DA:155,0
DA:156,0
DA:157,0
DA:158,0
DA:159,0
DA:160,0
DA:161,0
DA:162,0
DA:163,0
DA:164,0
DA:165,0
DA:166,0
DA:167,0
DA:168,0
DA:169,0
DA:170,0
DA:171,0
DA:172,0
DA:173,0
DA:174,0
DA:175,0
DA:176,0
DA:177,0
DA:178,0
DA:179,0
DA:180,0
DA:181,0
DA:182,0
DA:183,0
DA:184,0
DA:185,0
DA:186,0
DA:187,0
DA:188,0
DA:189,0
DA:190,0
DA:191,0
DA:192,0
DA:193,0
DA:194,0
DA:195,0
DA:196,0
DA:197,0
DA:198,0
DA:199,0
DA:200,0
DA:201,0
DA:202,0
DA:203,0
DA:204,0
DA:205,0
DA:206,0
DA:207,0
DA:208,0
DA:209,0
DA:210,0
DA:211,0
DA:212,0
DA:213,0
DA:214,0
DA:215,0
DA:216,0
DA:217,0
DA:218,0
DA:219,0
DA:220,0
DA:221,0
DA:222,0
DA:223,0
DA:224,0
DA:225,0
DA:226,0
DA:227,0
DA:228,0
DA:229,0
DA:230,0
DA:231,0
DA:232,0
DA:233,0
DA:234,0
DA:235,0
DA:236,0
DA:237,0
DA:238,0
DA:239,0
DA:240,0
DA:241,0
DA:242,0
DA:243,0
DA:244,0
DA:245,0
DA:246,0
DA:247,0
DA:248,0
DA:249,0
DA:250,0
DA:251,0
DA:252,0
DA:253,0
DA:254,0
DA:255,0
DA:256,0
DA:257,0
DA:258,0
DA:259,0
DA:260,0
DA:261,0
DA:262,0
DA:263,0
DA:264,0
DA:265,0
DA:266,0
DA:267,0
DA:268,0
DA:269,0
DA:270,0
DA:271,1
LF:271
LH:16
BRF:0
BRH:0
end_of_record
TN:
SF:src\pages\User\__tests__\Login\ConstantFunction.ts
FN:3,getEmail
FN:6,getPassword
FN:9,getShowPassword
FN:12,getShowVisibilityIcon
FN:15,getLoginButton
FNF:5
FNH:5
FNDA:20,getEmail
FNDA:24,getPassword
FNDA:2,getShowPassword
FNDA:1,getShowVisibilityIcon
FNDA:29,getLoginButton
DA:1,1
DA:2,1
DA:3,1
DA:4,20
DA:5,20
DA:6,1
DA:7,24
DA:8,24
DA:9,1
DA:10,2
DA:11,2
DA:12,1
DA:13,1
DA:14,1
DA:15,1
DA:16,29
DA:17,29
LF:17
LH:17
BRDA:3,0,0,20
BRDA:6,1,0,24
BRDA:9,2,0,2
BRDA:12,3,0,1
BRDA:15,4,0,29
BRF:5
BRH:5
end_of_record
TN:
SF:src\services\Hooks\User\UseUserLogin.ts
FN:7,login
FN:36,useLogin
FNF:2
FNH:2
FNDA:5,login
FNDA:182,useLogin
DA:1,1
DA:2,1
DA:3,1
DA:4,1
DA:5,1
DA:6,1
DA:7,1
DA:8,5
DA:9,5
DA:10,5
DA:11,5
DA:12,5
DA:13,5
DA:14,5
DA:15,5
DA:16,5
DA:17,5
DA:18,5
DA:19,4
DA:20,4
DA:21,4
DA:22,4
DA:23,4
DA:24,4
DA:25,4
DA:26,5
DA:27,5
DA:28,5
DA:29,5
DA:30,5
DA:31,5
DA:32,5
DA:33,5
DA:34,5
DA:35,1
DA:36,1
DA:37,182
DA:38,182
DA:39,182
LF:39
LH:39
BRDA:7,0,0,5
BRDA:18,1,0,4
BRDA:26,2,0,0
BRDA:26,3,0,4
BRDA:36,4,0,182
BRF:5
BRH:4
end_of_record
TN:
SF:src\services\Hooks\User\UseUserRegister.ts
FN:6,register
FN:27,useRegister
FNF:2
FNH:0
FNDA:0,register
FNDA:0,useRegister
DA:1,1
DA:2,1
DA:3,1
DA:4,1
DA:5,1
DA:6,1
DA:7,0
DA:8,0
DA:9,0
DA:10,0
DA:11,0
DA:12,0
DA:13,0
DA:14,0
DA:15,0
DA:16,0
DA:17,0
DA:18,0
DA:19,0
DA:20,0
DA:21,0
DA:22,0
DA:23,0
DA:24,0
DA:25,0
DA:26,1
DA:27,1
DA:28,0
DA:29,0
DA:30,0
LF:30
LH:8
BRF:0
BRH:0
end_of_record
TN:
SF:src\shared\components\Header.tsx
FN:5,Header
FNF:1
FNH:1
FNDA:2,Header
DA:1,1
DA:2,1
DA:3,1
DA:4,1
DA:5,1
DA:6,2
DA:7,2
DA:8,2
DA:9,2
DA:10,2
DA:11,2
DA:12,2
DA:13,2
DA:14,2
DA:15,2
DA:16,2
DA:17,2
DA:18,2
DA:19,2
DA:20,2
DA:21,2
DA:22,2
DA:23,2
DA:24,2
DA:25,2
DA:26,2
DA:27,2
DA:28,2
DA:29,2
DA:30,2
DA:31,2
DA:32,2
DA:33,2
DA:34,2
DA:35,2
DA:36,2
DA:37,2
DA:38,2
DA:39,2
DA:40,2
DA:41,2
DA:42,2
DA:43,2
DA:44,2
DA:45,2
DA:46,2
DA:47,2
DA:48,2
DA:49,1
LF:49
LH:49
BRDA:5,0,0,2
BRF:1
BRH:1
end_of_record
TN:
SF:src\shared\components\Logo.tsx
FN:8,Logo
FNF:1
FNH:0
FNDA:0,Logo
DA:1,1
DA:2,1
DA:3,1
DA:4,1
DA:5,1
DA:6,1
DA:7,1
DA:8,1
DA:9,0
DA:10,0
DA:11,0
DA:12,0
DA:13,0
DA:14,0
DA:15,1
DA:16,1
LF:16
LH:10
BRF:0
BRH:0
end_of_record
TN:
SF:src\shared\components\MenuDrawer.tsx
FN:23,MenuDrawer
FN:29,onClick
FN:32,onClose
FNF:3
FNH:1
FNDA:2,MenuDrawer
FNDA:0,onClick
FNDA:0,onClose
DA:1,1
DA:2,1
DA:3,1
DA:4,1
DA:5,1
DA:6,1
DA:7,1
DA:8,1
DA:9,1
DA:10,1
DA:11,1
DA:12,1
DA:13,1
DA:14,1
DA:15,1
DA:16,1
DA:17,1
DA:18,1
DA:19,1
DA:20,1
DA:21,1
DA:22,1
DA:23,1
DA:24,2
DA:25,2
DA:26,2
DA:27,2
DA:28,2
DA:29,2
DA:30,2
DA:31,2
DA:32,2
DA:33,2
DA:34,2
DA:35,2
DA:36,2
DA:37,2
DA:38,2
DA:39,2
DA:40,2
DA:41,2
DA:42,2
DA:43,2
DA:44,2
DA:45,2
DA:46,2
DA:47,2
DA:48,2
DA:49,2
DA:50,2
DA:51,2
DA:52,2
DA:53,2
DA:54,2
DA:55,2
DA:56,2
DA:57,2
DA:58,2
DA:59,2
DA:60,2
DA:61,2
DA:62,2
DA:63,2
DA:64,2
DA:65,2
DA:66,2
DA:67,2
DA:68,2
DA:69,2
DA:70,2
DA:71,2
DA:72,2
DA:73,2
DA:74,2
DA:75,2
DA:76,2
DA:77,2
DA:78,2
DA:79,2
DA:80,2
DA:81,2
DA:82,2
DA:83,2
DA:84,2
DA:85,2
DA:86,2
DA:87,2
DA:88,2
DA:89,2
DA:90,2
DA:91,2
DA:92,1
LF:92
LH:92
BRDA:23,0,0,2
BRF:1
BRH:1
end_of_record
TN:
SF:src\shared\components\Contexts\AuthProvider.tsx
FN:14,setAuthenticated
FN:19,AuthProvider
FN:48,useAuth
FNF:3
FNH:2
FNDA:0,setAuthenticated
FNDA:66,AuthProvider
FNDA:186,useAuth
DA:1,1
DA:2,1
DA:3,1
DA:4,1
DA:5,1
DA:6,1
DA:7,1
DA:8,1
DA:9,1
DA:10,1
DA:11,1
DA:12,1
DA:13,1
DA:14,1
DA:15,1
DA:16,1
DA:17,1
DA:18,1
DA:19,1
DA:20,66
DA:21,66
DA:22,66
DA:23,66
DA:24,66
DA:25,66
DA:26,60
DA:27,60
DA:28,60
DA:29,60
DA:30,0
DA:31,0
DA:32,60
DA:33,60
DA:34,60
DA:35,66
DA:36,66
DA:37,66
DA:38,60
DA:39,66
DA:40,66
DA:41,66
DA:42,66
DA:43,66
DA:44,66
DA:45,66
DA:46,66
DA:47,1
DA:48,1
DA:49,186
DA:50,186
DA:51,1
DA:52,1
LF:52
LH:50
BRDA:19,0,0,66
BRDA:22,1,0,62
BRDA:25,2,0,60
BRDA:29,3,0,0
BRDA:37,4,0,60
BRDA:48,5,0,186
BRF:6
BRH:5
end_of_record
TN:
SF:src\shared\components\Contexts\SnackbarProvider.tsx
FN:16,SnackbarProvider
FN:22,handleClose
FN:32,showSnackBar
FN:64,useSnackbar
FNF:4
FNH:3
FNDA:70,SnackbarProvider
FNDA:0,handleClose
FNDA:5,showSnackBar
FNDA:182,useSnackbar
DA:1,1
DA:2,1
DA:3,1
DA:4,1
DA:5,1
DA:6,1
DA:7,1
DA:8,1
DA:9,1
DA:10,1
DA:11,1
DA:12,1
DA:13,1
DA:14,1
DA:15,1
DA:16,1
DA:17,70
DA:18,70
DA:19,70
DA:20,70
DA:21,70
DA:22,70
DA:23,0
DA:24,0
DA:25,0
DA:26,0
DA:27,0
DA:28,0
DA:29,0
DA:30,0
DA:31,70
DA:32,70
DA:33,5
DA:34,5
DA:35,5
DA:36,5
DA:37,5
DA:38,70
DA:39,70
DA:40,70
DA:41,70
DA:42,70
DA:43,70
DA:44,70
DA:45,70
DA:46,70
DA:47,70
DA:48,70
DA:49,70
DA:50,70
DA:51,70
DA:52,70
DA:53,70
DA:54,70
DA:55,70
DA:56,70
DA:57,70
DA:58,70
DA:59,70
DA:60,70
DA:61,70
DA:62,70
DA:63,1
DA:64,1
DA:65,182
DA:66,182
DA:67,1
DA:68,1
LF:68
LH:60
BRDA:16,0,0,70
BRDA:32,1,0,5
BRDA:39,2,0,60
BRDA:64,3,0,182
BRF:4
BRH:4
end_of_record
